<?xml version="1.0" encoding="UTF-8"?>
<testng-results skipped="0" failed="0" ignored="0" total="1" passed="1">
  <reporter-output>
  </reporter-output>
  <suite name="Suite" duration-ms="47494" started-at="2023-07-15T01:00:25Z" finished-at="2023-07-15T01:01:12Z">
    <groups>
    </groups>
    <test name="Test" duration-ms="47494" started-at="2023-07-15T01:00:25Z" finished-at="2023-07-15T01:01:12Z">
      <class name="com.org.FacebookTest">
        <test-method status="PASS" signature="fb()[pri:0, instance:com.org.FacebookTest@56f4468b]" name="fb" duration-ms="47433" started-at="2023-07-15T01:00:25Z" finished-at="2023-07-15T01:01:12Z">
          <reporter-output>
          </reporter-output>
        </test-method> <!-- fb -->
      </class> <!-- com.org.FacebookTest -->
    </test> <!-- Test -->
  </suite> <!-- Suite -->
</testng-results>
